SLF4J: Class path contains multiple SLF4J bindings.
SLF4J: Found binding in [jar:file:/C:/Users/halid/Downloads/Talend-Studio-20221003_1400-V8.0.1/plugins/org.eclipse.m2e.maven.runtime.slf4j.simple_1.18.0.20210402-1458/jars/slf4j-simple-1.7.5.jar!/org/slf4j/impl/StaticLoggerBinder.class]
SLF4J: Found binding in [file:/C:/Users/halid/Downloads/Talend-Studio-20221003_1400-V8.0.1/configuration/org.eclipse.osgi/1161/0/.cp/org/slf4j/impl/StaticLoggerBinder.class]
SLF4J: See http://www.slf4j.org/codes.html#multiple_bindings for an explanation.
SLF4J: Actual binding is of type [org.slf4j.impl.SimpleLoggerFactory]
[INFO] Disabling enhanced local repository: using legacy is strongly discouraged to ensure build reproducibility.
[INFO] Scanning for projects...
[INFO] 
[INFO] -------< org.example.icommerce_reporting.job:jGenerateCalendar >--------
[INFO] Building ICOMMERCE_REPORTING jGenerateCalendar-0.1.0 (0.1,Jobs) 0.1.0
[INFO] --------------------------------[ jar ]---------------------------------
[WARNING] The POM for commons-codec:commons-codec:jar:1.14 is missing, no dependency information available
[WARNING] The POM for org.apache.commons:commons-lang3:jar:3.10 is missing, no dependency information available
[INFO] 
[INFO] --- builder-maven-plugin:8.0.9:generate (default) @ jGenerateCalendar ---
[INFO] Skipping ci-builder
[INFO] 
[INFO] --- maven-resources-plugin:3.0.2:resources (default-resources) @ jGenerateCalendar ---
[WARNING] The POM for commons-io:commons-io:jar:2.6 is missing, no dependency information available
[WARNING] The POM for org.codehaus.plexus:plexus-utils:jar:3.4.1 is missing, no dependency information available
[WARNING] The POM for org.codehaus.plexus:plexus-classworlds:jar:2.5.2 is missing, no dependency information available
[WARNING] The POM for org.slf4j:slf4j-api:jar:1.7.30 is missing, no dependency information available
[WARNING] The POM for com.google.guava:guava:jar:25.1-android is missing, no dependency information available
[WARNING] The POM for org.apache.maven:maven-core:jar:3.0 is missing, no dependency information available
[WARNING] The POM for org.apache.maven.shared:maven-shared-utils:jar:3.0.0 is missing, no dependency information available
[WARNING] Using platform encoding (UTF-8 actually) to copy filtered resources, i.e. build is platform dependent!
[INFO] Copying 1 resource
[INFO] 
[INFO] --- maven-compiler-plugin:3.6.1:compile (default-compile) @ jGenerateCalendar ---
[WARNING] The POM for org.apache.commons:commons-compress:jar:1.19 is missing, no dependency information available
[WARNING] The POM for org.eclipse.platform:org.eclipse.osgi:jar:3.15.100 is missing, no dependency information available
[WARNING] The POM for org.apache.maven:maven-settings:jar:3.0 is missing, no dependency information available
[WARNING] The POM for org.apache.commons:commons-compress:jar:1.16.1 is missing, no dependency information available
[WARNING] The POM for org.apache.maven:maven-settings:jar:2.2.1 is missing, no dependency information available
[WARNING] The POM for org.apache.maven.shared:maven-shared-utils:jar:0.1 is missing, no dependency information available
[INFO] Not compiling main sources
[INFO] 
[INFO] --- maven-resources-plugin:3.0.2:testResources (default-testResources) @ jGenerateCalendar ---
[INFO] Not copying test resources
[INFO] 
[INFO] --- maven-compiler-plugin:3.6.1:testCompile (default-testCompile) @ jGenerateCalendar ---
[INFO] Not compiling test sources
[INFO] 
[INFO] --- maven-surefire-plugin:2.20:test (default-test) @ jGenerateCalendar ---
[WARNING] The POM for junit:junit:jar:4.12 is missing, no dependency information available
[INFO] Tests are skipped.
[INFO] 
[INFO] --- maven-jar-plugin:3.0.2:jar (default-jar) @ jGenerateCalendar ---
[WARNING] The POM for org.apache.maven.shared:maven-shared-utils:jar:3.0.1 is missing, no dependency information available
[WARNING] The POM for commons-io:commons-io:jar:2.5 is missing, no dependency information available
[WARNING] The POM for org.apache.commons:commons-compress:jar:1.11 is missing, no dependency information available
[INFO] Building jar: C:\Users\halid\Downloads\Talend-Studio-20221003_1400-V8.0.1\workspace\ICOMMERCE_REPORTING\poms\jobs\process\DWH\jgeneratecalendar_0.1\target\jgeneratecalendar_0_1.jar
[INFO] 
[INFO] --- maven-assembly-plugin:3.0.0:single (default) @ jGenerateCalendar ---
[WARNING] The POM for org.apache.maven.shared:maven-shared-utils:jar:3.1.0 is missing, no dependency information available
[WARNING] The POM for commons-codec:commons-codec:jar:1.6 is missing, no dependency information available
[INFO] Reading assembly descriptor: C:\Users\halid\Downloads\Talend-Studio-20221003_1400-V8.0.1\workspace\ICOMMERCE_REPORTING\poms\jobs\process\DWH\jgeneratecalendar_0.1/src/main/assemblies/assembly.xml
[WARNING] Missing POM for commons-codec:commons-codec:jar:1.14
[WARNING] Missing POM for org.apache.commons:commons-lang3:jar:3.10
[INFO] Building zip: C:\Users\halid\Downloads\Talend-Studio-20221003_1400-V8.0.1\workspace\ICOMMERCE_REPORTING\poms\jobs\process\DWH\jgeneratecalendar_0.1\target\jgeneratecalendar_0_1.zip
[INFO] 
[INFO] --- signer-maven-plugin:8.0.4:sign (sign) @ jGenerateCalendar ---
[INFO] Start to sign the job artifact
[INFO] Start to sign artifact, the source file is jgeneratecalendar_0_1.zip and target file is jgeneratecalendar_0_1_sign_.zip
[INFO] ------------------------------------------------------------------------
[INFO] BUILD SUCCESS
[INFO] ------------------------------------------------------------------------
[INFO] Total time:  14.084 s
[INFO] Finished at: 2023-07-27T23:49:00+02:00
[INFO] ------------------------------------------------------------------------
